=================================================
Date: Mon, 7 Dec 2009 12:54:14 GMT
IP: 0
Domain Name: Unknow
User-Agent: Unknow
Fichier Demandé/autofs/netapp/account/cremi/alucas/projetProgramation3/serveur-web/www/tamere
Resultat:  404 Not Found

=================================================
Date: Mon, 7 Dec 2009 13:7:40 GMT
IP: 0
Domain Name: Unknow
User-Agent: Unknow
Fichier Demandé/autofs/netapp/account/cremi/alucas/projetProgramation3/serveur-web/www
Resultat:  200 OK

=================================================
Date: Mon, 7 Dec 2009 13:32:32 GMT
IP: :
Domain Name: Unknow
User-Agent: Unknow
Fichier Demandé/autofs/netapp/account/cremi/alucas/projetProgramation3/serveur-web/www
Resultat:  400 Bad Request

=================================================
Date: Mon, 7 Dec 2009 13:33:14 GMT
IP: 0
Domain Name: Unknow
User-Agent: Unknow
Fichier Demandé/autofs/netapp/account/cremi/alucas/projetProgramation3/serveur-web/www
Resultat:  400 Bad Request

=================================================
Date: Mon, 7 Dec 2009 13:33:23 GMT
IP: 0
Domain Name: Unknow
User-Agent: Unknow
Fichier Demandé/autofs/netapp/account/cremi/alucas/projetProgramation3/serveur-web/www
Resultat:  200 OK

=================================================
Date: Mon, 7 Dec 2009 13:34:11 GMT
IP: 0
Domain Name: Unknow
User-Agent: Unknow
Fichier Demandé/autofs/netapp/account/cremi/alucas/projetProgramation3/serveur-web/www/dossierindexhtml/index.html
Resultat:  200 OK

=================================================
Date: Mon, 7 Dec 2009 13:36:36 GMT
IP: :
Domain Name: Unknow
User-Agent: Unknow
Fichier Demandé/autofs/netapp/account/cremi/alucas/projetProgramation3/serveur-web/www/incons
Resultat:  404 Not Found

=================================================
Date: Mon, 7 Dec 2009 13:37:7 GMT
IP: :
Domain Name: Unknow
User-Agent: Unknow
Fichier Demandé/autofs/netapp/account/cremi/alucas/projetProgramation3/serveur-web/www/icons/folder.svg
Resultat:  200 OK

=================================================
Date: Mon, 7 Dec 2009 13:42:6 GMT
IP: :
Domain Name: localhost:8080
User-Agent: Mozilla/5.0 (X11; U; Linux i686; fr; rv:1.9.0.15) Gecko/2009102815 Ubuntu/9.04 (jaunty) Firefox/3.0.15
Fichier Demandé/autofs/netapp/account/cremi/alucas/projetProgramation3/serveur-web/www
Resultat:  200 OK

=================================================
Date: Mon, 7 Dec 2009 13:42:6 GMT
IP: :
Domain Name: localhost:8080
User-Agent: Mozilla/5.0 (X11; U; Linux i686; fr; rv:1.9.0.15) Gecko/2009102815 Ubuntu/9.04 (jaunty) Firefox/3.0.15
Fichier Demandé/autofs/netapp/account/cremi/alucas/projetProgramation3/serveur-web/www/icons/folder.svg
Resultat:  200 OK

=================================================
Date: Mon, 7 Dec 2009 13:42:6 GMT
IP: :
Domain Name: localhost:8080
User-Agent: Mozilla/5.0 (X11; U; Linux i686; fr; rv:1.9.0.15) Gecko/2009102815 Ubuntu/9.04 (jaunty) Firefox/3.0.15
Fichier Demandé/autofs/netapp/account/cremi/alucas/projetProgramation3/serveur-web/www/favicon.ico
Resultat:  404 Not Found

=================================================
Date: Mon, 7 Dec 2009 13:42:9 GMT
IP: :
Domain Name: localhost:8080
User-Agent: Mozilla/5.0 (X11; U; Linux i686; fr; rv:1.9.0.15) Gecko/2009102815 Ubuntu/9.04 (jaunty) Firefox/3.0.15
Fichier Demandé/autofs/netapp/account/cremi/alucas/projetProgramation3/serveur-web/www/favicon.ico
Resultat:  404 Not Found

=================================================
Date: Mon, 7 Dec 2009 13:42:10 GMT
IP: :
Domain Name: localhost:8080
User-Agent: Mozilla/5.0 (X11; U; Linux i686; fr; rv:1.9.0.15) Gecko/2009102815 Ubuntu/9.04 (jaunty) Firefox/3.0.15
Fichier Demandé/autofs/netapp/account/cremi/alucas/projetProgramation3/serveur-web/www/icons
Resultat:  200 OK

=================================================
Date: Mon, 7 Dec 2009 13:42:10 GMT
IP: :
Domain Name: localhost:8080
User-Agent: Mozilla/5.0 (X11; U; Linux i686; fr; rv:1.9.0.15) Gecko/2009102815 Ubuntu/9.04 (jaunty) Firefox/3.0.15
Fichier Demandé/autofs/netapp/account/cremi/alucas/projetProgramation3/serveur-web/www/icons/file.svg
Resultat:  200 OK

=================================================
Date: Mon, 7 Dec 2009 13:42:14 GMT
IP: :
Domain Name: localhost:8080
User-Agent: Mozilla/5.0 (X11; U; Linux i686; fr; rv:1.9.0.15) Gecko/2009102815 Ubuntu/9.04 (jaunty) Firefox/3.0.15
Fichier Demandé/autofs/netapp/account/cremi/alucas/projetProgramation3/serveur-web/www
Resultat:  200 OK

=================================================
Date: Mon, 7 Dec 2009 13:42:14 GMT
IP: :
Domain Name: localhost:8080
User-Agent: Mozilla/5.0 (X11; U; Linux i686; fr; rv:1.9.0.15) Gecko/2009102815 Ubuntu/9.04 (jaunty) Firefox/3.0.15
Fichier Demandé/autofs/netapp/account/cremi/alucas/projetProgramation3/serveur-web/www/icons/folder.svg
Resultat:  200 OK

=================================================
Date: Mon, 7 Dec 2009 13:42:15 GMT
IP: :
Domain Name: localhost:8080
User-Agent: Mozilla/5.0 (X11; U; Linux i686; fr; rv:1.9.0.15) Gecko/2009102815 Ubuntu/9.04 (jaunty) Firefox/3.0.15
Fichier Demandé/autofs/netapp/account/cremi/alucas/projetProgramation3/serveur-web/www/auth
Resultat:  200 OK

=================================================
Date: Mon, 7 Dec 2009 13:42:18 GMT
IP: :
Domain Name: localhost:8080
User-Agent: Mozilla/5.0 (X11; U; Linux i686; fr; rv:1.9.0.15) Gecko/2009102815 Ubuntu/9.04 (jaunty) Firefox/3.0.15
Fichier Demandé/autofs/netapp/account/cremi/alucas/projetProgramation3/serveur-web/www/dossierindexhtml/index.html
Resultat:  200 OK

=================================================
Date: Mon, 7 Dec 2009 13:42:26 GMT
IP: :
Domain Name: localhost:8080
User-Agent: Mozilla/5.0 (X11; U; Linux i686; fr; rv:1.9.0.15) Gecko/2009102815 Ubuntu/9.04 (jaunty) Firefox/3.0.15
Fichier Demandé/autofs/netapp/account/cremi/alucas/projetProgramation3/serveur-web/www/dossierindexhtm/index.htm
Resultat:  200 OK

=================================================
Date: Mon, 7 Dec 2009 13:42:29 GMT
IP: :
Domain Name: localhost:8080
User-Agent: Mozilla/5.0 (X11; U; Linux i686; fr; rv:1.9.0.15) Gecko/2009102815 Ubuntu/9.04 (jaunty) Firefox/3.0.15
Fichier Demandé/autofs/netapp/account/cremi/alucas/projetProgramation3/serveur-web/www/dossiersansindex
Resultat:  200 OK

=================================================
Date: Mon, 7 Dec 2009 13:42:29 GMT
IP: :
Domain Name: localhost:8080
User-Agent: Mozilla/5.0 (X11; U; Linux i686; fr; rv:1.9.0.15) Gecko/2009102815 Ubuntu/9.04 (jaunty) Firefox/3.0.15
Fichier Demandé/autofs/netapp/account/cremi/alucas/projetProgramation3/serveur-web/www/icons/file.svg
Resultat:  200 OK

=================================================
Date: Mon, 7 Dec 2009 13:43:6 GMT
IP: 0
Domain Name: localhost:8080
User-Agent: Mozilla/5.0 (X11; U; Linux i686; fr; rv:1.9.0.15) Gecko/2009102815 Ubuntu/9.04 (jaunty) Firefox/3.0.15
Fichier Demandé/autofs/netapp/account/cremi/alucas/projetProgramation3/serveur-web/www
Resultat:  200 OK

=================================================
Date: Mon, 7 Dec 2009 13:43:6 GMT
IP: 0
Domain Name: localhost:8080
User-Agent: Mozilla/5.0 (X11; U; Linux i686; fr; rv:1.9.0.15) Gecko/2009102815 Ubuntu/9.04 (jaunty) Firefox/3.0.15
Fichier Demandé/autofs/netapp/account/cremi/alucas/projetProgramation3/serveur-web/www/icons/folder.svg
Resultat:  200 OK

=================================================
Date: Mon, 7 Dec 2009 13:43:12 GMT
IP: 0
Domain Name: localhost:8080
User-Agent: Mozilla/5.0 (X11; U; Linux i686; fr; rv:1.9.0.15) Gecko/2009102815 Ubuntu/9.04 (jaunty) Firefox/3.0.15
Fichier Demandé/autofs/netapp/account/cremi/alucas/projetProgramation3/serveur-web/www/dossiersansindex
Resultat:  200 OK

=================================================
Date: Mon, 7 Dec 2009 13:43:12 GMT
IP: 0
Domain Name: localhost:8080
User-Agent: Mozilla/5.0 (X11; U; Linux i686; fr; rv:1.9.0.15) Gecko/2009102815 Ubuntu/9.04 (jaunty) Firefox/3.0.15
Fichier Demandé/autofs/netapp/account/cremi/alucas/projetProgramation3/serveur-web/www/icons/folder.svg
Resultat:  200 OK

=================================================
Date: Mon, 7 Dec 2009 13:43:12 GMT
IP: 0
Domain Name: localhost:8080
User-Agent: Mozilla/5.0 (X11; U; Linux i686; fr; rv:1.9.0.15) Gecko/2009102815 Ubuntu/9.04 (jaunty) Firefox/3.0.15
Fichier Demandé/autofs/netapp/account/cremi/alucas/projetProgramation3/serveur-web/www/icons/file.svg
Resultat:  200 OK

=================================================
Date: Mon, 7 Dec 2009 13:43:13 GMT
IP: 0
Domain Name: localhost:8080
User-Agent: Mozilla/5.0 (X11; U; Linux i686; fr; rv:1.9.0.15) Gecko/2009102815 Ubuntu/9.04 (jaunty) Firefox/3.0.15
Fichier Demandé/autofs/netapp/account/cremi/alucas/projetProgramation3/serveur-web/www
Resultat:  200 OK

=================================================
Date: Mon, 7 Dec 2009 13:43:14 GMT
IP: 0
Domain Name: localhost:8080
User-Agent: Mozilla/5.0 (X11; U; Linux i686; fr; rv:1.9.0.15) Gecko/2009102815 Ubuntu/9.04 (jaunty) Firefox/3.0.15
Fichier Demandé/autofs/netapp/account/cremi/alucas/projetProgramation3/serveur-web/www/icons/folder.svg
Resultat:  200 OK

=================================================
Date: Mon, 7 Dec 2009 13:43:18 GMT
IP: 0
Domain Name: localhost:8080
User-Agent: Mozilla/5.0 (X11; U; Linux i686; fr; rv:1.9.0.15) Gecko/2009102815 Ubuntu/9.04 (jaunty) Firefox/3.0.15
Fichier Demandé/autofs/netapp/account/cremi/alucas/projetProgramation3/serveur-web/www/dossierindexhtm/index.htm
Resultat:  200 OK

=================================================
Date: Mon, 7 Dec 2009 13:43:20 GMT
IP: 0
Domain Name: localhost:8080
User-Agent: Mozilla/5.0 (X11; U; Linux i686; fr; rv:1.9.0.15) Gecko/2009102815 Ubuntu/9.04 (jaunty) Firefox/3.0.15
Fichier Demandé/autofs/netapp/account/cremi/alucas/projetProgramation3/serveur-web/www/dossiersansindex
Resultat:  200 OK

=================================================
Date: Mon, 7 Dec 2009 13:43:21 GMT
IP: 0
Domain Name: localhost:8080
User-Agent: Mozilla/5.0 (X11; U; Linux i686; fr; rv:1.9.0.15) Gecko/2009102815 Ubuntu/9.04 (jaunty) Firefox/3.0.15
Fichier Demandé/autofs/netapp/account/cremi/alucas/projetProgramation3/serveur-web/www/icons/folder.svg
Resultat:  200 OK

=================================================
Date: Mon, 7 Dec 2009 13:43:21 GMT
IP: 0
Domain Name: localhost:8080
User-Agent: Mozilla/5.0 (X11; U; Linux i686; fr; rv:1.9.0.15) Gecko/2009102815 Ubuntu/9.04 (jaunty) Firefox/3.0.15
Fichier Demandé/autofs/netapp/account/cremi/alucas/projetProgramation3/serveur-web/www/icons/file.svg
Resultat:  200 OK

=================================================
Date: Mon, 7 Dec 2009 13:43:22 GMT
IP: 0
Domain Name: localhost:8080
User-Agent: Mozilla/5.0 (X11; U; Linux i686; fr; rv:1.9.0.15) Gecko/2009102815 Ubuntu/9.04 (jaunty) Firefox/3.0.15
Fichier Demandé/autofs/netapp/account/cremi/alucas/projetProgramation3/serveur-web/www
Resultat:  200 OK

=================================================
Date: Mon, 7 Dec 2009 13:43:22 GMT
IP: 0
Domain Name: localhost:8080
User-Agent: Mozilla/5.0 (X11; U; Linux i686; fr; rv:1.9.0.15) Gecko/2009102815 Ubuntu/9.04 (jaunty) Firefox/3.0.15
Fichier Demandé/autofs/netapp/account/cremi/alucas/projetProgramation3/serveur-web/www/icons/folder.svg
Resultat:  200 OK

=================================================
Date: Mon, 7 Dec 2009 13:44:24 GMT
IP: :
Domain Name: Unknow
User-Agent: Unknow
Fichier Demandé/autofs/netapp/account/cremi/alucas/projetProgramation3/serveur-web/www
Resultat:  200 OK

=================================================
Date: Mon, 7 Dec 2009 13:44:34 GMT
IP: :
Domain Name: Unknow
User-Agent: Unknow
Fichier Demandé/autofs/netapp/account/cremi/alucas/projetProgramation3/serveur-web/www
Resultat:  200 OK

=================================================
Date: Mon, 7 Dec 2009 13:44:47 GMT
IP: :
Domain Name: Unknow
User-Agent: Unknow
Fichier Demandé/autofs/netapp/account/cremi/alucas/projetProgramation3/serveur-web/www
Resultat:  200 OK

=================================================
Date: Mon, 7 Dec 2009 14:0:18 GMT
IP: ::1
Domain Name: Unknow
User-Agent: Unknow
Fichier Demandé/autofs/netapp/account/cremi/alucas/projetProgramation3/serveur-web/www
Resultat:  400 Bad Request

=================================================
Date: Mon, 7 Dec 2009 14:13:10 GMT
IP: ::1
Domain Name: localhost:8080
User-Agent: Mozilla/5.0 (X11; U; Linux i686; fr; rv:1.9.0.15) Gecko/2009102815 Ubuntu/9.04 (jaunty) Firefox/3.0.15
Fichier Demandé/autofs/netapp/account/cremi/alucas/projetProgramation3/serveur-web/www/icons
Resultat:  200 OK

=================================================
Date: Mon, 7 Dec 2009 14:13:10 GMT
IP: ::1
Domain Name: localhost:8080
User-Agent: Mozilla/5.0 (X11; U; Linux i686; fr; rv:1.9.0.15) Gecko/2009102815 Ubuntu/9.04 (jaunty) Firefox/3.0.15
Fichier Demandé/autofs/netapp/account/cremi/alucas/projetProgramation3/serveur-web/www/icons/folder.svg
Resultat:  200 OK

=================================================
Date: Mon, 7 Dec 2009 14:13:10 GMT
IP: ::1
Domain Name: localhost:8080
User-Agent: Mozilla/5.0 (X11; U; Linux i686; fr; rv:1.9.0.15) Gecko/2009102815 Ubuntu/9.04 (jaunty) Firefox/3.0.15
Fichier Demandé/autofs/netapp/account/cremi/alucas/projetProgramation3/serveur-web/www/icons/file.svg
Resultat:  200 OK

=================================================
Date: Mon, 7 Dec 2009 14:13:23 GMT
IP: ::1
Domain Name: localhost:8080
User-Agent: Mozilla/5.0 (X11; U; Linux i686; fr; rv:1.9.0.15) Gecko/2009102815 Ubuntu/9.04 (jaunty) Firefox/3.0.15
Fichier Demandé/autofs/netapp/account/cremi/alucas/projetProgramation3/serveur-web/www
Resultat:  200 OK

=================================================
Date: Mon, 7 Dec 2009 14:13:24 GMT
IP: ::1
Domain Name: localhost:8080
User-Agent: Mozilla/5.0 (X11; U; Linux i686; fr; rv:1.9.0.15) Gecko/2009102815 Ubuntu/9.04 (jaunty) Firefox/3.0.15
Fichier Demandé/autofs/netapp/account/cremi/alucas/projetProgramation3/serveur-web/www/icons/folder.svg
Resultat:  200 OK

=================================================
Date: Mon, 7 Dec 2009 15:20:46 GMT
IP: ::1
Domain Name: localhost:8080
User-Agent: Mozilla/5.0 (X11; U; Linux i686; fr; rv:1.9.0.15) Gecko/2009102815 Ubuntu/9.04 (jaunty) Firefox/3.0.15
Fichier Demandé/autofs/netapp/account/cremi/alucas/projetProgramation3/serveur-web/www
Resultat:  200 OK

=================================================
Date: Mon, 7 Dec 2009 15:20:46 GMT
IP: ::1
Domain Name: localhost:8080
User-Agent: Mozilla/5.0 (X11; U; Linux i686; fr; rv:1.9.0.15) Gecko/2009102815 Ubuntu/9.04 (jaunty) Firefox/3.0.15
Fichier Demandé/autofs/netapp/account/cremi/alucas/projetProgramation3/serveur-web/www/icons/folder.svg
Resultat:  200 OK

=================================================
Date: Mon, 7 Dec 2009 15:20:48 GMT
IP: ::1
Domain Name: localhost:8080
User-Agent: Mozilla/5.0 (X11; U; Linux i686; fr; rv:1.9.0.15) Gecko/2009102815 Ubuntu/9.04 (jaunty) Firefox/3.0.15
Fichier Demandé/autofs/netapp/account/cremi/alucas/projetProgramation3/serveur-web/www
Resultat:  200 OK

=================================================
Date: Mon, 7 Dec 2009 15:20:48 GMT
IP: ::1
Domain Name: localhost:8080
User-Agent: Mozilla/5.0 (X11; U; Linux i686; fr; rv:1.9.0.15) Gecko/2009102815 Ubuntu/9.04 (jaunty) Firefox/3.0.15
Fichier Demandé/autofs/netapp/account/cremi/alucas/projetProgramation3/serveur-web/www/icons/folder.svg
Resultat:  200 OK

=================================================
Date: Mon, 7 Dec 2009 15:20:49 GMT
IP: ::1
Domain Name: localhost:8080
User-Agent: Mozilla/5.0 (X11; U; Linux i686; fr; rv:1.9.0.15) Gecko/2009102815 Ubuntu/9.04 (jaunty) Firefox/3.0.15
Fichier Demandé/autofs/netapp/account/cremi/alucas/projetProgramation3/serveur-web/www
Resultat:  200 OK

=================================================
Date: Mon, 7 Dec 2009 15:20:49 GMT
IP: ::1
Domain Name: localhost:8080
User-Agent: Mozilla/5.0 (X11; U; Linux i686; fr; rv:1.9.0.15) Gecko/2009102815 Ubuntu/9.04 (jaunty) Firefox/3.0.15
Fichier Demandé/autofs/netapp/account/cremi/alucas/projetProgramation3/serveur-web/www/icons/folder.svg
Resultat:  200 OK

=================================================
Date: Mon, 7 Dec 2009 15:20:49 GMT
IP: ::1
Domain Name: localhost:8080
User-Agent: Mozilla/5.0 (X11; U; Linux i686; fr; rv:1.9.0.15) Gecko/2009102815 Ubuntu/9.04 (jaunty) Firefox/3.0.15
Fichier Demandé/autofs/netapp/account/cremi/alucas/projetProgramation3/serveur-web/www
Resultat:  200 OK

=================================================
Date: Mon, 7 Dec 2009 15:20:49 GMT
IP: ::1
Domain Name: localhost:8080
User-Agent: Mozilla/5.0 (X11; U; Linux i686; fr; rv:1.9.0.15) Gecko/2009102815 Ubuntu/9.04 (jaunty) Firefox/3.0.15
Fichier Demandé/autofs/netapp/account/cremi/alucas/projetProgramation3/serveur-web/www/icons/folder.svg
Resultat:  200 OK

=================================================
Date: Mon, 7 Dec 2009 15:20:49 GMT
IP: ::1
Domain Name: localhost:8080
User-Agent: Mozilla/5.0 (X11; U; Linux i686; fr; rv:1.9.0.15) Gecko/2009102815 Ubuntu/9.04 (jaunty) Firefox/3.0.15
Fichier Demandé/autofs/netapp/account/cremi/alucas/projetProgramation3/serveur-web/www/favicon.ico
Resultat:  404 Not Found

=================================================
Date: Mon, 7 Dec 2009 15:20:49 GMT
IP: ::1
Domain Name: localhost:8080
User-Agent: Mozilla/5.0 (X11; U; Linux i686; fr; rv:1.9.0.15) Gecko/2009102815 Ubuntu/9.04 (jaunty) Firefox/3.0.15
Fichier Demandé/autofs/netapp/account/cremi/alucas/projetProgramation3/serveur-web/www
Resultat:  200 OK

=================================================
Date: Mon, 7 Dec 2009 15:20:50 GMT
IP: ::1
Domain Name: localhost:8080
User-Agent: Mozilla/5.0 (X11; U; Linux i686; fr; rv:1.9.0.15) Gecko/2009102815 Ubuntu/9.04 (jaunty) Firefox/3.0.15
Fichier Demandé/autofs/netapp/account/cremi/alucas/projetProgramation3/serveur-web/www/icons/folder.svg
Resultat:  200 OK

=================================================
Date: Mon, 7 Dec 2009 15:20:50 GMT
IP: ::1
Domain Name: localhost:8080
User-Agent: Mozilla/5.0 (X11; U; Linux i686; fr; rv:1.9.0.15) Gecko/2009102815 Ubuntu/9.04 (jaunty) Firefox/3.0.15
Fichier Demandé/autofs/netapp/account/cremi/alucas/projetProgramation3/serveur-web/www/favicon.ico
Resultat:  404 Not Found

=================================================
Date: Mon, 7 Dec 2009 15:20:50 GMT
IP: ::1
Domain Name: localhost:8080
User-Agent: Mozilla/5.0 (X11; U; Linux i686; fr; rv:1.9.0.15) Gecko/2009102815 Ubuntu/9.04 (jaunty) Firefox/3.0.15
Fichier Demandé/autofs/netapp/account/cremi/alucas/projetProgramation3/serveur-web/www/favicon.ico
Resultat:  404 Not Found

=================================================
Date: Mon, 7 Dec 2009 15:21:29 GMT
IP: ::1
Domain Name: localhost:8080
User-Agent: Mozilla/5.0 (X11; U; Linux i686; fr; rv:1.9.0.15) Gecko/2009102815 Ubuntu/9.04 (jaunty) Firefox/3.0.15
Fichier Demandé/autofs/netapp/account/cremi/alucas/projetProgramation3/serveur-web/www
Resultat:  200 OK

=================================================
Date: Mon, 7 Dec 2009 15:21:29 GMT
IP: ::1
Domain Name: localhost:8080
User-Agent: Mozilla/5.0 (X11; U; Linux i686; fr; rv:1.9.0.15) Gecko/2009102815 Ubuntu/9.04 (jaunty) Firefox/3.0.15
Fichier Demandé/autofs/netapp/account/cremi/alucas/projetProgramation3/serveur-web/www/icons/folder.svg
Resultat:  200 OK

=================================================
Date: Mon, 7 Dec 2009 15:21:30 GMT
IP: ::1
Domain Name: localhost:8080
User-Agent: Mozilla/5.0 (X11; U; Linux i686; fr; rv:1.9.0.15) Gecko/2009102815 Ubuntu/9.04 (jaunty) Firefox/3.0.15
Fichier Demandé/autofs/netapp/account/cremi/alucas/projetProgramation3/serveur-web/www
Resultat:  200 OK

=================================================
Date: Mon, 7 Dec 2009 15:21:30 GMT
IP: ::1
Domain Name: localhost:8080
User-Agent: Mozilla/5.0 (X11; U; Linux i686; fr; rv:1.9.0.15) Gecko/2009102815 Ubuntu/9.04 (jaunty) Firefox/3.0.15
Fichier Demandé/autofs/netapp/account/cremi/alucas/projetProgramation3/serveur-web/www/icons/folder.svg
Resultat:  200 OK

=================================================
Date: Mon, 7 Dec 2009 15:21:30 GMT
IP: ::1
Domain Name: localhost:8080
User-Agent: Mozilla/5.0 (X11; U; Linux i686; fr; rv:1.9.0.15) Gecko/2009102815 Ubuntu/9.04 (jaunty) Firefox/3.0.15
Fichier Demandé/autofs/netapp/account/cremi/alucas/projetProgramation3/serveur-web/www
Resultat:  200 OK

=================================================
Date: Mon, 7 Dec 2009 15:21:30 GMT
IP: ::1
Domain Name: localhost:8080
User-Agent: Mozilla/5.0 (X11; U; Linux i686; fr; rv:1.9.0.15) Gecko/2009102815 Ubuntu/9.04 (jaunty) Firefox/3.0.15
Fichier Demandé/autofs/netapp/account/cremi/alucas/projetProgramation3/serveur-web/www/icons/folder.svg
Resultat:  200 OK

=================================================
Date: Mon, 7 Dec 2009 15:21:31 GMT
IP: ::1
Domain Name: localhost:8080
User-Agent: Mozilla/5.0 (X11; U; Linux i686; fr; rv:1.9.0.15) Gecko/2009102815 Ubuntu/9.04 (jaunty) Firefox/3.0.15
Fichier Demandé/autofs/netapp/account/cremi/alucas/projetProgramation3/serveur-web/www
Resultat:  200 OK

=================================================
Date: Mon, 7 Dec 2009 15:21:31 GMT
IP: ::1
Domain Name: localhost:8080
User-Agent: Mozilla/5.0 (X11; U; Linux i686; fr; rv:1.9.0.15) Gecko/2009102815 Ubuntu/9.04 (jaunty) Firefox/3.0.15
Fichier Demandé/autofs/netapp/account/cremi/alucas/projetProgramation3/serveur-web/www/icons/folder.svg
Resultat:  200 OK

=================================================
Date: Mon, 7 Dec 2009 15:21:34 GMT
IP: ::1
Domain Name: localhost:8080
User-Agent: Mozilla/5.0 (X11; U; Linux i686; fr; rv:1.9.0.15) Gecko/2009102815 Ubuntu/9.04 (jaunty) Firefox/3.0.15
Fichier Demandé/autofs/netapp/account/cremi/alucas/projetProgramation3/serveur-web/www
Resultat:  200 OK

=================================================
Date: Mon, 7 Dec 2009 15:21:34 GMT
IP: ::1
Domain Name: localhost:8080
User-Agent: Mozilla/5.0 (X11; U; Linux i686; fr; rv:1.9.0.15) Gecko/2009102815 Ubuntu/9.04 (jaunty) Firefox/3.0.15
Fichier Demandé/autofs/netapp/account/cremi/alucas/projetProgramation3/serveur-web/www/icons/folder.svg
Resultat:  200 OK

=================================================
Date: Mon, 7 Dec 2009 16:35:30 GMT
IP: ::1
Domain Name: localhost:8080
User-Agent: Mozilla/5.0 (X11; U; Linux i686; fr; rv:1.9.0.15) Gecko/2009102815 Ubuntu/9.04 (jaunty) Firefox/3.0.15
Fichier Demandé/autofs/netapp/account/cremi/alucas/projetProgramation3/serveur-web/www
Resultat:  200 OK

=================================================
Date: Mon, 7 Dec 2009 16:35:30 GMT
IP: ::1
Domain Name: localhost:8080
User-Agent: Mozilla/5.0 (X11; U; Linux i686; fr; rv:1.9.0.15) Gecko/2009102815 Ubuntu/9.04 (jaunty) Firefox/3.0.15
Fichier Demandé/autofs/netapp/account/cremi/alucas/projetProgramation3/serveur-web/www/icons/folder.svg
Resultat:  200 OK

